[0.692s] Invoking command in '/home/sai/ros2_ws/src/p1d2_sai_marthala': DEBUGINFOD_URLS=https://debuginfod.ubuntu.com PYTHONPATH=/home/sai/ros2_ws/build/p1d2_sai_marthala/prefix_override:/usr/lib/python3/dist-packages/colcon_core/task/python/colcon_distutils_commands:/home/sai/ros2_ws/install/p1d2_sai_marthala/lib/python3.12/site-packages:${PYTHONPATH} /usr/bin/python3 -W ignore:setup.py install is deprecated -W ignore:easy_install command is deprecated setup.py egg_info --egg-base ../../build/p1d2_sai_marthala build --build-base /home/sai/ros2_ws/build/p1d2_sai_marthala/build install --record /home/sai/ros2_ws/build/p1d2_sai_marthala/install.log --single-version-externally-managed install_data
[0.905s] running egg_info
[0.915s] writing ../../build/p1d2_sai_marthala/p1d2_sai_marthala.egg-info/PKG-INFO
[0.915s] writing dependency_links to ../../build/p1d2_sai_marthala/p1d2_sai_marthala.egg-info/dependency_links.txt
[0.915s] writing entry points to ../../build/p1d2_sai_marthala/p1d2_sai_marthala.egg-info/entry_points.txt
[0.915s] writing requirements to ../../build/p1d2_sai_marthala/p1d2_sai_marthala.egg-info/requires.txt
[0.916s] writing top-level names to ../../build/p1d2_sai_marthala/p1d2_sai_marthala.egg-info/top_level.txt
[0.937s] reading manifest file '../../build/p1d2_sai_marthala/p1d2_sai_marthala.egg-info/SOURCES.txt'
[0.939s] writing manifest file '../../build/p1d2_sai_marthala/p1d2_sai_marthala.egg-info/SOURCES.txt'
[0.939s] running build
[0.939s] running build_py
[0.939s] running install
[0.943s] running install_lib
[0.954s] running install_data
[0.954s] running install_egg_info
[0.966s] removing '/home/sai/ros2_ws/install/p1d2_sai_marthala/lib/python3.12/site-packages/p1d2_sai_marthala-0.0.0-py3.12.egg-info' (and everything under it)
[0.966s] Copying ../../build/p1d2_sai_marthala/p1d2_sai_marthala.egg-info to /home/sai/ros2_ws/install/p1d2_sai_marthala/lib/python3.12/site-packages/p1d2_sai_marthala-0.0.0-py3.12.egg-info
[0.967s] running install_scripts
[1.051s] Installing draw_n script to /home/sai/ros2_ws/install/p1d2_sai_marthala/lib/p1d2_sai_marthala
[1.051s] writing list of installed files to '/home/sai/ros2_ws/build/p1d2_sai_marthala/install.log'
[1.068s] Invoked command in '/home/sai/ros2_ws/src/p1d2_sai_marthala' returned '0': DEBUGINFOD_URLS=https://debuginfod.ubuntu.com PYTHONPATH=/home/sai/ros2_ws/build/p1d2_sai_marthala/prefix_override:/usr/lib/python3/dist-packages/colcon_core/task/python/colcon_distutils_commands:/home/sai/ros2_ws/install/p1d2_sai_marthala/lib/python3.12/site-packages:${PYTHONPATH} /usr/bin/python3 -W ignore:setup.py install is deprecated -W ignore:easy_install command is deprecated setup.py egg_info --egg-base ../../build/p1d2_sai_marthala build --build-base /home/sai/ros2_ws/build/p1d2_sai_marthala/build install --record /home/sai/ros2_ws/build/p1d2_sai_marthala/install.log --single-version-externally-managed install_data
